Using pre-set license
Built from '2022.3/staging' branch; Version is '2022.3.14f1 (eff2de9070d8) revision 15725278'; Using compiler version '192829333'; Build Type 'Release'
OS: 'Windows 10  (10.0.19045) 64bit Professional' Language: 'pt' Physical Memory: 16315 MB
BatchMode: 1, IsHumanControllingUs: 0, StartBugReporterOnCrash: 0, Is64bit: 1, IsPro: 1

COMMAND LINE ARGUMENTS:
C:\Program Files\Unity\Hub\Editor\2022.3.14f1\Editor\Unity.exe
-adb2
-batchMode
-noUpm
-name
AssetImportWorker1
-projectPath
C:/Users/lee_t/Desktop/GameOff-Attack-On-Chicken
-logFile
Logs/AssetImportWorker1.log
-srvPort
51054
Successfully changed project path to: C:/Users/lee_t/Desktop/GameOff-Attack-On-Chicken
C:/Users/lee_t/Desktop/GameOff-Attack-On-Chicken
[UnityMemory] Configuration Parameters - Can be set up in boot.config
    "memorysetup-bucket-allocator-granularity=16"
    "memorysetup-bucket-allocator-bucket-count=8"
    "memorysetup-bucket-allocator-block-size=33554432"
    "memorysetup-bucket-allocator-block-count=8"
    "memorysetup-main-allocator-block-size=16777216"
    "memorysetup-thread-allocator-block-size=16777216"
    "memorysetup-gfx-main-allocator-block-size=16777216"
    "memorysetup-gfx-thread-allocator-block-size=16777216"
    "memorysetup-cache-allocator-block-size=4194304"
    "memorysetup-typetree-allocator-block-size=2097152"
    "memorysetup-profiler-bucket-allocator-granularity=16"
    "memorysetup-profiler-bucket-allocator-bucket-count=8"
    "memorysetup-profiler-bucket-allocator-block-size=33554432"
    "memorysetup-profiler-bucket-allocator-block-count=8"
    "memorysetup-profiler-allocator-block-size=16777216"
    "memorysetup-profiler-editor-allocator-block-size=1048576"
    "memorysetup-temp-allocator-size-main=16777216"
    "memorysetup-job-temp-allocator-block-size=2097152"
    "memorysetup-job-temp-allocator-block-size-background=1048576"
    "memorysetup-job-temp-allocator-reduction-small-platforms=262144"
    "memorysetup-allocator-temp-initial-block-size-main=262144"
    "memorysetup-allocator-temp-initial-block-size-worker=262144"
    "memorysetup-temp-allocator-size-background-worker=32768"
    "memorysetup-temp-allocator-size-job-worker=262144"
    "memorysetup-temp-allocator-size-preload-manager=33554432"
    "memorysetup-temp-allocator-size-nav-mesh-worker=65536"
    "memorysetup-temp-allocator-size-audio-worker=65536"
    "memorysetup-temp-allocator-size-cloud-worker=32768"
    "memorysetup-temp-allocator-size-gi-baking-worker=262144"
    "memorysetup-temp-allocator-size-gfx=262144"
Player connection [8736] Host "[IP] 192.168.0.111 [Port] 0 [Flags] 2 [Guid] 3971669323 [EditorId] 3971669323 [Version] 1048832 [Id] WindowsEditor(7,DESKTOP-RSTLG3C) [Debug] 1 [PackageName] WindowsEditor [ProjectName] Editor" joined multi-casting on [225.0.0.222:54997]...

Player connection [8736] Host "[IP] 192.168.0.111 [Port] 0 [Flags] 2 [Guid] 3971669323 [EditorId] 3971669323 [Version] 1048832 [Id] WindowsEditor(7,DESKTOP-RSTLG3C) [Debug] 1 [PackageName] WindowsEditor [ProjectName] Editor" joined alternative multi-casting on [225.0.0.222:34997]...

[Physics::Module] Initialized MultithreadedJobDispatcher with 11 workers.
Refreshing native plugins compatible for Editor in 20.94 ms, found 4 plugins.
Preloading 0 native plugins for Editor in 0.00 ms.
Initialize engine version: 2022.3.14f1 (eff2de9070d8)
[Subsystems] Discovering subsystems at path C:/Program Files/Unity/Hub/Editor/2022.3.14f1/Editor/Data/Resources/UnitySubsystems
[Subsystems] Discovering subsystems at path C:/Users/lee_t/Desktop/GameOff-Attack-On-Chicken/Assets
GfxDevice: creating device client; threaded=0; jobified=0
Direct3D:
    Version:  Direct3D 11.0 [level 11.1]
    Renderer: NVIDIA GeForce GTX 1650 (ID=0x1f82)
    Vendor:   NVIDIA
    VRAM:     3935 MB
    Driver:   31.0.15.5244
Initialize mono
Mono path[0] = 'C:/Program Files/Unity/Hub/Editor/2022.3.14f1/Editor/Data/Managed'
Mono path[1] = 'C:/Program Files/Unity/Hub/Editor/2022.3.14f1/Editor/Data/MonoBleedingEdge/lib/mono/unityjit-win32'
Mono config path = 'C:/Program Files/Unity/Hub/Editor/2022.3.14f1/Editor/Data/MonoBleedingEdge/etc'
Using monoOptions --debugger-agent=transport=dt_socket,embedding=1,server=y,suspend=n,address=127.0.0.1:56036
Begin MonoManager ReloadAssembly
Registering precompiled unity dll's ...
Register platform support module: C:/Program Files/Unity/Hub/Editor/2022.3.14f1/Editor/Data/PlaybackEngines/WindowsStandaloneSupport/UnityEditor.WindowsStandalone.Extensions.dll
Registered in 0.007957 seconds.
- Loaded All Assemblies, in  0.351 seconds
Native extension for WindowsStandalone target not found
Mono: successfully reloaded assembly
- Finished resetting the current domain, in  0.258 seconds
Domain Reload Profiling: 608ms
	BeginReloadAssembly (102ms)
		ExecutionOrderSort (0ms)
		DisableScriptedObjects (0ms)
		BackupInstance (0ms)
		ReleaseScriptingObjects (0ms)
		CreateAndSetChildDomain (1ms)
	RebuildCommonClasses (44ms)
	RebuildNativeTypeToScriptingClass (11ms)
	initialDomainReloadingComplete (59ms)
	LoadAllAssembliesAndSetupDomain (132ms)
		LoadAssemblies (100ms)
		RebuildTransferFunctionScriptingTraits (0ms)
		AnalyzeDomain (131ms)
			TypeCache.Refresh (129ms)
				TypeCache.ScanAssembly (118ms)
			ScanForSourceGeneratedMonoScriptInfo (0ms)
			ResolveRequiredComponents (0ms)
	FinalizeReload (259ms)
		ReleaseScriptCaches (0ms)
		RebuildScriptCaches (0ms)
		SetupLoadedEditorAssemblies (197ms)
			LogAssemblyErrors (0ms)
			InitializePlatformSupportModulesInManaged (9ms)
			SetLoadedEditorAssemblies (7ms)
			RefreshPlugins (0ms)
			BeforeProcessingInitializeOnLoad (2ms)
			ProcessInitializeOnLoadAttributes (127ms)
			ProcessInitializeOnLoadMethodAttributes (52ms)
			AfterProcessingInitializeOnLoad (0ms)
			EditorAssembliesLoaded (0ms)
		ExecutionOrderSort2 (0ms)
		AwakeInstancesAfterBackupRestoration (0ms)
========================================================================
Worker process is ready to serve import requests
Begin MonoManager ReloadAssembly
Symbol file LoadedFromMemory is not a mono symbol file
Unloading broken assembly Assets/Plugins/GitHub/Editor/GitHub.Api.dll, this assembly can cause crashes in the runtime
- Loaded All Assemblies, in  0.548 seconds
Refreshing native plugins compatible for Editor in 10.86 ms, found 4 plugins.
Native extension for WindowsStandalone target not found
Package Manager log level set to [2]
[Package Manager] Server::EnsureServerProcessIsRunning -- launch failed, reason: Unity was launched with the -noUpm command-line argument
[Package Manager] UpmClient::Send -- Unable to send message (not connected to UPM process).
[Package Manager] Cannot connect to Unity Package Manager local server
Null
UnityEngine.StackTraceUtility:ExtractStackTrace ()
UnityEngine.DebugLogHandler:LogFormat (UnityEngine.LogType,UnityEngine.Object,string,object[])
UnityEngine.Logger:Log (UnityEngine.LogType,object)
UnityEngine.Debug:LogError (object)
UnityEditor.EditorAssemblies:ProcessInitializeOnLoadAttributes (System.Type[])

Mono: successfully reloaded assembly
- Finished resetting the current domain, in  0.510 seconds
Domain Reload Profiling: 1054ms
	BeginReloadAssembly (144ms)
		ExecutionOrderSort (0ms)
		DisableScriptedObjects (5ms)
		BackupInstance (0ms)
		ReleaseScriptingObjects (0ms)
		CreateAndSetChildDomain (21ms)
	RebuildCommonClasses (34ms)
	RebuildNativeTypeToScriptingClass (11ms)
	initialDomainReloadingComplete (48ms)
	LoadAllAssembliesAndSetupDomain (307ms)
		LoadAssemblies (283ms)
		RebuildTransferFunctionScriptingTraits (0ms)
		AnalyzeDomain (105ms)
			TypeCache.Refresh (93ms)
				TypeCache.ScanAssembly (79ms)
			ScanForSourceGeneratedMonoScriptInfo (9ms)
			ResolveRequiredComponents (2ms)
	FinalizeReload (510ms)
		ReleaseScriptCaches (0ms)
		RebuildScriptCaches (0ms)
		SetupLoadedEditorAssemblies (374ms)
			LogAssemblyErrors (0ms)
			InitializePlatformSupportModulesInManaged (6ms)
			SetLoadedEditorAssemblies (3ms)
			RefreshPlugins (0ms)
			BeforeProcessingInitializeOnLoad (63ms)
			ProcessInitializeOnLoadAttributes (270ms)
			ProcessInitializeOnLoadMethodAttributes (23ms)
			AfterProcessingInitializeOnLoad (8ms)
			EditorAssembliesLoaded (0ms)
		ExecutionOrderSort2 (0ms)
		AwakeInstancesAfterBackupRestoration (7ms)
Launched and connected shader compiler UnityShaderCompiler.exe after 0.04 seconds
Refreshing native plugins compatible for Editor in 14.91 ms, found 4 plugins.
Preloading 0 native plugins for Editor in 0.00 ms.
Unloading 2609 Unused Serialized files (Serialized files now loaded: 0)
Unloading 68 unused Assets / (77.4 KB). Loaded Objects now: 3050.
Memory consumption went from 113.8 MB to 113.7 MB.
Total: 6.047600 ms (FindLiveObjects: 0.440900 ms CreateObjectMapping: 0.180800 ms MarkObjects: 5.173900 ms  DeleteObjects: 0.250300 ms)

AssetImportParameters requested are different than current active one (requested -> active):
  custom:video-encoder-webm-vp8: eb34c28f22e8b96e1ab97ce403110664 -> 
  custom:video-decoder-webm-vp8: 9c59270c3fd7afecdb556c50c9e8de78 -> 
  custom:audio-decoder-ogg-vorbis: bf7c407c2cedff20999df2af8eb42d56 -> 
  custom:SearchIndexIgnoredProperties: e643bd26f0fe6173181afceb89e7c659 -> 
  custom:container-demuxer-ogg: 62fdf1f143b41e24485cea50d1cbac27 -> 
  custom:AudioImporter_EditorPlatform: d09bf68614088b80899f8185d706f6e7 -> 
  custom:CustomObjectIndexerAttribute: 756ad292c208cfabdd7b50bc23989ffe -> 
  custom:container-demuxer-webm: 4f35f7cbe854078d1ac9338744f61a02 -> 
  custom:video-decoder-ogg-theora: a1e56fd34408186e4bbccfd4996cb3dc -> 
  custom:audio-encoder-webm-vorbis: bf7c407c2cedff20999df2af8eb42d56 -> 
  custom:framework-win-MediaFoundation: 216162199b28c13a410421893ffa2e32 -> 
  custom:container-muxer-webm: aa71ff27fc2769a1b78a27578f13a17b -> 
========================================================================
Received Import Request.
  Time since last request: 182363.339972 seconds.
  path: Assets/bg4.png
  artifactKey: Guid(fd63eb78178923a47b474249dac77fc9) Importer(815301076,1909f56bfc062723c751e8b465ee728b)
Start importing Assets/bg4.png using Guid(fd63eb78178923a47b474249dac77fc9) Importer(815301076,1909f56bfc062723c751e8b465ee728b)  -> (artifact id: '80bf642ad1bdba36db255638e76b31c6') in 0.102494 seconds
Number of updated asset objects reloaded before import = 0
Number of asset objects unloaded after import = 3
========================================================================
Received Import Request.
  Time since last request: 0.000020 seconds.
  path: Assets/New Piskel (2).png
  artifactKey: Guid(9b659c8d6e61096408af94b8e5532802) Importer(815301076,1909f56bfc062723c751e8b465ee728b)
Start importing Assets/New Piskel (2).png using Guid(9b659c8d6e61096408af94b8e5532802) Importer(815301076,1909f56bfc062723c751e8b465ee728b)  -> (artifact id: '05031addd999018933138d5b423afc20') in 0.024330 seconds
Number of updated asset objects reloaded before import = 0
Number of asset objects unloaded after import = 3
========================================================================
Received Import Request.
  Time since last request: 0.000016 seconds.
  path: Assets/titulol.png
  artifactKey: Guid(a2d54fb250124fe45ac5d0cfc1b46ebd) Importer(815301076,1909f56bfc062723c751e8b465ee728b)
Start importing Assets/titulol.png using Guid(a2d54fb250124fe45ac5d0cfc1b46ebd) Importer(815301076,1909f56bfc062723c751e8b465ee728b)  -> (artifact id: 'e1a1b42566d15ade272265d662f372c2') in 0.024152 seconds
Number of updated asset objects reloaded before import = 0
Number of asset objects unloaded after import = 3
========================================================================
Received Import Request.
  Time since last request: 18.121564 seconds.
  path: Assets/Platformer Pack by Quaternius (1)/FBX/Bomb.fbx
  artifactKey: Guid(da19f2bee6620de458235740a6c98eda) Importer(815301076,1909f56bfc062723c751e8b465ee728b)
Start importing Assets/Platformer Pack by Quaternius (1)/FBX/Bomb.fbx using Guid(da19f2bee6620de458235740a6c98eda) Importer(815301076,1909f56bfc062723c751e8b465ee728b)  -> (artifact id: '25e46ca7b95f9ae35f72152a73bd3067') in 0.319675 seconds
Number of updated asset objects reloaded before import = 0
Number of asset objects unloaded after import = 9
========================================================================
Received Import Request.
  Time since last request: 0.000022 seconds.
  path: Assets/Platformer Pack by Quaternius (1)/FBX/YellowBox.fbx
  artifactKey: Guid(b7437326b1be1c540bcdf6a942026ac7) Importer(815301076,1909f56bfc062723c751e8b465ee728b)
Start importing Assets/Platformer Pack by Quaternius (1)/FBX/YellowBox.fbx using Guid(b7437326b1be1c540bcdf6a942026ac7) Importer(815301076,1909f56bfc062723c751e8b465ee728b)  -> (artifact id: 'c4a5d9a3a7151b2e2bfa9941100c7f35') in 0.023666 seconds
Number of updated asset objects reloaded before import = 0
Number of asset objects unloaded after import = 9
========================================================================
Received Import Request.
  Time since last request: 0.000028 seconds.
  path: Assets/Platformer Pack by Quaternius (1)/FBX/Platform_CenterRight.fbx
  artifactKey: Guid(aceac537ecceb8c4ebccded0dfaf5500) Importer(815301076,1909f56bfc062723c751e8b465ee728b)
Start importing Assets/Platformer Pack by Quaternius (1)/FBX/Platform_CenterRight.fbx using Guid(aceac537ecceb8c4ebccded0dfaf5500) Importer(815301076,1909f56bfc062723c751e8b465ee728b)  -> (artifact id: 'b8acd1ef206660af2aa07952ba8c344c') in 0.019090 seconds
Number of updated asset objects reloaded before import = 0
Number of asset objects unloaded after import = 8
========================================================================
Received Import Request.
  Time since last request: 0.000017 seconds.
  path: Assets/Platformer Pack by Quaternius (1)/FBX/Flag.fbx
  artifactKey: Guid(3c6ee06be1b47144db9d9e3fe54226f2) Importer(815301076,1909f56bfc062723c751e8b465ee728b)
Start importing Assets/Platformer Pack by Quaternius (1)/FBX/Flag.fbx using Guid(3c6ee06be1b47144db9d9e3fe54226f2) Importer(815301076,1909f56bfc062723c751e8b465ee728b)  -> (artifact id: '95890b976209e9669a751f1763cba380') in 0.023577 seconds
Number of updated asset objects reloaded before import = 0
Number of asset objects unloaded after import = 9
========================================================================
Received Import Request.
  Time since last request: 0.000018 seconds.
  path: Assets/Platformer Pack by Quaternius (1)/FBX/Rope_Long.fbx
  artifactKey: Guid(c48ee05f1ca5480418c962538be3c74a) Importer(815301076,1909f56bfc062723c751e8b465ee728b)
Start importing Assets/Platformer Pack by Quaternius (1)/FBX/Rope_Long.fbx using Guid(c48ee05f1ca5480418c962538be3c74a) Importer(815301076,1909f56bfc062723c751e8b465ee728b)  -> (artifact id: '9fd1780bc098df7fa5a56399220b319f') in 0.022686 seconds
Number of updated asset objects reloaded before import = 0
Number of asset objects unloaded after import = 9
========================================================================
Received Import Request.
  Time since last request: 0.000021 seconds.
  path: Assets/Platformer Pack by Quaternius (1)/FBX/Mushroom.fbx
  artifactKey: Guid(7c36c743c1e3d0d41a7e843a45b7ceb6) Importer(815301076,1909f56bfc062723c751e8b465ee728b)
Start importing Assets/Platformer Pack by Quaternius (1)/FBX/Mushroom.fbx using Guid(7c36c743c1e3d0d41a7e843a45b7ceb6) Importer(815301076,1909f56bfc062723c751e8b465ee728b)  -> (artifact id: 'c5a25fb07437a2a10eb6a6fec6fe6e6d') in 0.022422 seconds
Number of updated asset objects reloaded before import = 0
Number of asset objects unloaded after import = 9
========================================================================
Received Import Request.
  Time since last request: 0.000020 seconds.
  path: Assets/Platformer Pack by Quaternius (1)/FBX/Rock4.fbx
  artifactKey: Guid(d0a74af203a74d8468936d7f22a5fc53) Importer(815301076,1909f56bfc062723c751e8b465ee728b)
Start importing Assets/Platformer Pack by Quaternius (1)/FBX/Rock4.fbx using Guid(d0a74af203a74d8468936d7f22a5fc53) Importer(815301076,1909f56bfc062723c751e8b465ee728b)  -> (artifact id: 'e75fb124d29f131779c66c982b2fbe9d') in 0.017219 seconds
Number of updated asset objects reloaded before import = 0
Number of asset objects unloaded after import = 8
========================================================================
Received Import Request.
  Time since last request: 0.000015 seconds.
  path: Assets/Platformer Pack by Quaternius (1)/FBX/Cloud5.fbx
  artifactKey: Guid(1d19f3919d20e8f4b96466d8981f9a74) Importer(815301076,1909f56bfc062723c751e8b465ee728b)
Start importing Assets/Platformer Pack by Quaternius (1)/FBX/Cloud5.fbx using Guid(1d19f3919d20e8f4b96466d8981f9a74) Importer(815301076,1909f56bfc062723c751e8b465ee728b)  -> (artifact id: 'b10e1c155e241ace15064f17a50f8dc0') in 0.017888 seconds
Number of updated asset objects reloaded before import = 0
Number of asset objects unloaded after import = 8
========================================================================
Received Import Request.
  Time since last request: 0.000018 seconds.
  path: Assets/Platformer Pack by Quaternius (1)/FBX/Coin.fbx
  artifactKey: Guid(7ef435d55a6722a4fbfa7a10193e373a) Importer(815301076,1909f56bfc062723c751e8b465ee728b)
Start importing Assets/Platformer Pack by Quaternius (1)/FBX/Coin.fbx using Guid(7ef435d55a6722a4fbfa7a10193e373a) Importer(815301076,1909f56bfc062723c751e8b465ee728b)  -> (artifact id: 'd4cce12166617c4c821a8559a2a08c3c') in 0.020957 seconds
Number of updated asset objects reloaded before import = 0
Number of asset objects unloaded after import = 9
========================================================================
Received Import Request.
  Time since last request: 0.000017 seconds.
  path: Assets/Platformer Pack by Quaternius (1)/FBX/Spike_Single.fbx
  artifactKey: Guid(09061a891e98d994bbdca320635d21c1) Importer(815301076,1909f56bfc062723c751e8b465ee728b)
Start importing Assets/Platformer Pack by Quaternius (1)/FBX/Spike_Single.fbx using Guid(09061a891e98d994bbdca320635d21c1) Importer(815301076,1909f56bfc062723c751e8b465ee728b)  -> (artifact id: 'd4b6c546bd5d98b5a7144c0a97ac4852') in 0.018225 seconds
Number of updated asset objects reloaded before import = 0
Number of asset objects unloaded after import = 8
========================================================================
Received Import Request.
  Time since last request: 0.000018 seconds.
  path: Assets/Platformer Pack by Quaternius (1)/FBX/Platform_TopMiddle.fbx
  artifactKey: Guid(45ebb61607f7da6448d3ad349fb53101) Importer(815301076,1909f56bfc062723c751e8b465ee728b)
Start importing Assets/Platformer Pack by Quaternius (1)/FBX/Platform_TopMiddle.fbx using Guid(45ebb61607f7da6448d3ad349fb53101) Importer(815301076,1909f56bfc062723c751e8b465ee728b)  -> (artifact id: 'ccfdc10353780702a62de99f4e66672d') in 0.021935 seconds
Number of updated asset objects reloaded before import = 0
Number of asset objects unloaded after import = 9
========================================================================
Received Import Request.
  Time since last request: 0.000018 seconds.
  path: Assets/Platformer Pack by Quaternius (1)/FBX/Platform_TopRight.fbx
  artifactKey: Guid(c937f5a1cf9a91140854e637d0a280bb) Importer(815301076,1909f56bfc062723c751e8b465ee728b)
Start importing Assets/Platformer Pack by Quaternius (1)/FBX/Platform_TopRight.fbx using Guid(c937f5a1cf9a91140854e637d0a280bb) Importer(815301076,1909f56bfc062723c751e8b465ee728b)  -> (artifact id: 'd00ce28f5163a8b31971430ac2135794') in 0.023035 seconds
Number of updated asset objects reloaded before import = 0
Number of asset objects unloaded after import = 9
========================================================================
Received Import Request.
  Time since last request: 0.000016 seconds.
  path: Assets/Platformer Pack by Quaternius (1)/FBX/Spike_Group.fbx
  artifactKey: Guid(6e10ce048dadc0843a1711f0bba2a0f6) Importer(815301076,1909f56bfc062723c751e8b465ee728b)
Start importing Assets/Platformer Pack by Quaternius (1)/FBX/Spike_Group.fbx using Guid(6e10ce048dadc0843a1711f0bba2a0f6) Importer(815301076,1909f56bfc062723c751e8b465ee728b)  -> (artifact id: 'ef5c2afa6e98f51668abc795d398026e') in 0.018374 seconds
Number of updated asset objects reloaded before import = 0
Number of asset objects unloaded after import = 8
========================================================================
Received Import Request.
  Time since last request: 0.000030 seconds.
  path: Assets/Platformer Pack by Quaternius (1)/FBX/Pipe.fbx
  artifactKey: Guid(bd3732e98425d8a4ca103d98c17d2c68) Importer(815301076,1909f56bfc062723c751e8b465ee728b)
Start importing Assets/Platformer Pack by Quaternius (1)/FBX/Pipe.fbx using Guid(bd3732e98425d8a4ca103d98c17d2c68) Importer(815301076,1909f56bfc062723c751e8b465ee728b)  -> (artifact id: '6326099d690ef6e0a23abb4546d08eae') in 0.017318 seconds
Number of updated asset objects reloaded before import = 0
Number of asset objects unloaded after import = 8
========================================================================
Received Import Request.
  Time since last request: 0.000015 seconds.
  path: Assets/Platformer Pack by Quaternius (1)/FBX/Sign_LeftRight.fbx
  artifactKey: Guid(8a89527ac3d46ab438e2aacf66ba731f) Importer(815301076,1909f56bfc062723c751e8b465ee728b)
Start importing Assets/Platformer Pack by Quaternius (1)/FBX/Sign_LeftRight.fbx using Guid(8a89527ac3d46ab438e2aacf66ba731f) Importer(815301076,1909f56bfc062723c751e8b465ee728b)  -> (artifact id: 'efd1d1cc4d9fcf3b4a9f8251acdf925b') in 0.020982 seconds
Number of updated asset objects reloaded before import = 0
Number of asset objects unloaded after import = 8
========================================================================
Received Import Request.
  Time since last request: 0.000013 seconds.
  path: Assets/Platformer Pack by Quaternius (1)/FBX/Tree4.fbx
  artifactKey: Guid(01cec5d5b6814e647afbc35e432b5217) Importer(815301076,1909f56bfc062723c751e8b465ee728b)
Start importing Assets/Platformer Pack by Quaternius (1)/FBX/Tree4.fbx using Guid(01cec5d5b6814e647afbc35e432b5217) Importer(815301076,1909f56bfc062723c751e8b465ee728b)  -> (artifact id: 'cbfd958ce59af1ad056774976d2bbc22') in 0.020951 seconds
Number of updated asset objects reloaded before import = 0
Number of asset objects unloaded after import = 9
========================================================================
Received Import Request.
  Time since last request: 2.920288 seconds.
  path: Assets/Platformer Pack by Quaternius (1)/OBJ/Bomb.obj
  artifactKey: Guid(49c3cabead6631747b9b60b7a924a802) Importer(815301076,1909f56bfc062723c751e8b465ee728b)
Start importing Assets/Platformer Pack by Quaternius (1)/OBJ/Bomb.obj using Guid(49c3cabead6631747b9b60b7a924a802) Importer(815301076,1909f56bfc062723c751e8b465ee728b)  -> (artifact id: '0253652e4ab60f78e02336c66b826e59') in 0.039311 seconds
Number of updated asset objects reloaded before import = 0
Number of asset objects unloaded after import = 11
========================================================================
Received Import Request.
  Time since last request: 0.000019 seconds.
  path: Assets/Platformer Pack by Quaternius (1)/OBJ/Ladder_long.obj
  artifactKey: Guid(498242c8d8935c74eb64bcb00fe63462) Importer(815301076,1909f56bfc062723c751e8b465ee728b)
Start importing Assets/Platformer Pack by Quaternius (1)/OBJ/Ladder_long.obj using Guid(498242c8d8935c74eb64bcb00fe63462) Importer(815301076,1909f56bfc062723c751e8b465ee728b)  -> (artifact id: '74a5d661cb60a6204db5d81d3eb0f7cb') in 0.039018 seconds
Number of updated asset objects reloaded before import = 0
Number of asset objects unloaded after import = 10
========================================================================
Received Import Request.
  Time since last request: 0.000014 seconds.
  path: Assets/Platformer Pack by Quaternius (1)/OBJ/Ladder_medium.obj
  artifactKey: Guid(d0779fe44d1dd914cb83dee23b0f72e4) Importer(815301076,1909f56bfc062723c751e8b465ee728b)
Start importing Assets/Platformer Pack by Quaternius (1)/OBJ/Ladder_medium.obj using Guid(d0779fe44d1dd914cb83dee23b0f72e4) Importer(815301076,1909f56bfc062723c751e8b465ee728b)  -> (artifact id: '984b76be0384a110911e1f7d3337a843') in 0.061343 seconds
Number of updated asset objects reloaded before import = 0
Number of asset objects unloaded after import = 10
========================================================================
Received Import Request.
  Time since last request: 0.000021 seconds.
  path: Assets/Platformer Pack by Quaternius (1)/OBJ/Heart_Full.obj
  artifactKey: Guid(ff69143ffb25cbb40bba01ddee808c96) Importer(815301076,1909f56bfc062723c751e8b465ee728b)
Start importing Assets/Platformer Pack by Quaternius (1)/OBJ/Heart_Full.obj using Guid(ff69143ffb25cbb40bba01ddee808c96) Importer(815301076,1909f56bfc062723c751e8b465ee728b)  -> (artifact id: 'cc33cc5b9e7d28ad94fc6ccbb8b81fa0') in 0.047920 seconds
Number of updated asset objects reloaded before import = 0
Number of asset objects unloaded after import = 10
========================================================================
Received Import Request.
  Time since last request: 0.000016 seconds.
  path: Assets/Platformer Pack by Quaternius (1)/OBJ/Grass2.obj
  artifactKey: Guid(910ce8f69b449e64cbc369938622ecc9) Importer(815301076,1909f56bfc062723c751e8b465ee728b)
Start importing Assets/Platformer Pack by Quaternius (1)/OBJ/Grass2.obj using Guid(910ce8f69b449e64cbc369938622ecc9) Importer(815301076,1909f56bfc062723c751e8b465ee728b)  -> (artifact id: 'a49705a21876faaeb9097a1727730469') in 0.027287 seconds
Number of updated asset objects reloaded before import = 0
Number of asset objects unloaded after import = 10
========================================================================
Received Import Request.
  Time since last request: 0.000013 seconds.
  path: Assets/Platformer Pack by Quaternius (1)/OBJ/Grass.obj
  artifactKey: Guid(943ce955f31bb5246b934f055ebf28b8) Importer(815301076,1909f56bfc062723c751e8b465ee728b)
Start importing Assets/Platformer Pack by Quaternius (1)/OBJ/Grass.obj using Guid(943ce955f31bb5246b934f055ebf28b8) Importer(815301076,1909f56bfc062723c751e8b465ee728b)  -> (artifact id: '441182d0f36be421fbbc5fe0aa75112f') in 0.020776 seconds
Number of updated asset objects reloaded before import = 0
Number of asset objects unloaded after import = 10
========================================================================
Received Import Request.
  Time since last request: 0.000023 seconds.
  path: Assets/Platformer Pack by Quaternius (1)/OBJ/Cloud2.obj
  artifactKey: Guid(0ff5cbccd3713684ea3b36e3c471abe4) Importer(815301076,1909f56bfc062723c751e8b465ee728b)
Start importing Assets/Platformer Pack by Quaternius (1)/OBJ/Cloud2.obj using Guid(0ff5cbccd3713684ea3b36e3c471abe4) Importer(815301076,1909f56bfc062723c751e8b465ee728b)  -> (artifact id: '3f46e9fbf4e0b79dada264a1b05bd929') in 0.022580 seconds
Number of updated asset objects reloaded before import = 0
Number of asset objects unloaded after import = 10
========================================================================
Received Import Request.
  Time since last request: 0.000015 seconds.
  path: Assets/Platformer Pack by Quaternius (1)/OBJ/Coin.obj
  artifactKey: Guid(90a9f423a040cd843a7729f2d3d98578) Importer(815301076,1909f56bfc062723c751e8b465ee728b)
Start importing Assets/Platformer Pack by Quaternius (1)/OBJ/Coin.obj using Guid(90a9f423a040cd843a7729f2d3d98578) Importer(815301076,1909f56bfc062723c751e8b465ee728b)  -> (artifact id: '328b5d69fd1c708980e8389557d1f319') in 0.024553 seconds
Number of updated asset objects reloaded before import = 0
Number of asset objects unloaded after import = 11
========================================================================
Received Import Request.
  Time since last request: 0.000019 seconds.
  path: Assets/Platformer Pack by Quaternius (1)/OBJ/MovingPlatform_Long.obj
  artifactKey: Guid(1931c8e52ef7d484ea63b1d0ad1ebd41) Importer(815301076,1909f56bfc062723c751e8b465ee728b)
Start importing Assets/Platformer Pack by Quaternius (1)/OBJ/MovingPlatform_Long.obj using Guid(1931c8e52ef7d484ea63b1d0ad1ebd41) Importer(815301076,1909f56bfc062723c751e8b465ee728b)  -> (artifact id: '557e70cbaf1fc887c2b8b431136f0159') in 0.022630 seconds
Number of updated asset objects reloaded before import = 0
Number of asset objects unloaded after import = 11
========================================================================
Received Import Request.
  Time since last request: 10.652477 seconds.
  path: Assets/Creditos/Luan.png
  artifactKey: Guid(8044681ae09638c48bc901675d1e569b) Importer(815301076,1909f56bfc062723c751e8b465ee728b)
Start importing Assets/Creditos/Luan.png using Guid(8044681ae09638c48bc901675d1e569b) Importer(815301076,1909f56bfc062723c751e8b465ee728b)  -> (artifact id: '765778f7c96ea9993edd48bf30eafaa2') in 0.021994 seconds
Number of updated asset objects reloaded before import = 0
Number of asset objects unloaded after import = 3
========================================================================
Received Import Request.
  Time since last request: 0.000017 seconds.
  path: Assets/Creditos/Vitor.png
  artifactKey: Guid(26bcddc83c6b82b47a73079abdc19d3d) Importer(815301076,1909f56bfc062723c751e8b465ee728b)
Start importing Assets/Creditos/Vitor.png using Guid(26bcddc83c6b82b47a73079abdc19d3d) Importer(815301076,1909f56bfc062723c751e8b465ee728b)  -> (artifact id: 'b93f4fff16549aca84864453938bf8b4') in 0.023509 seconds
Number of updated asset objects reloaded before import = 0
Number of asset objects unloaded after import = 3
========================================================================
Received Import Request.
  Time since last request: 15.239197 seconds.
  path: Assets/GameOff/Armas/LowPoly3D/OBJ/Bomb.obj
  artifactKey: Guid(26a5ce1cc57ef44418b049e5c11aa422) Importer(815301076,1909f56bfc062723c751e8b465ee728b)
Start importing Assets/GameOff/Armas/LowPoly3D/OBJ/Bomb.obj using Guid(26a5ce1cc57ef44418b049e5c11aa422) Importer(815301076,1909f56bfc062723c751e8b465ee728b)  -> (artifact id: 'af1eabe49ff65b79bdae49e28959ac59') in 0.061927 seconds
Number of updated asset objects reloaded before import = 0
Number of asset objects unloaded after import = 11
========================================================================
Received Import Request.
  Time since last request: 0.000026 seconds.
  path: Assets/GameOff/Armas/LowPoly3D/OBJ/Cloud2.obj
  artifactKey: Guid(e25961debdbd09d4fbd3c59ae38375c9) Importer(815301076,1909f56bfc062723c751e8b465ee728b)
Start importing Assets/GameOff/Armas/LowPoly3D/OBJ/Cloud2.obj using Guid(e25961debdbd09d4fbd3c59ae38375c9) Importer(815301076,1909f56bfc062723c751e8b465ee728b)  -> (artifact id: '885fed91b9f15c9c690ee18c6092c9f4') in 0.044824 seconds
Number of updated asset objects reloaded before import = 0
Number of asset objects unloaded after import = 10
========================================================================
Received Import Request.
  Time since last request: 0.000027 seconds.
  path: Assets/GameOff/Armas/LowPoly3D/OBJ/Ladder_long.obj
  artifactKey: Guid(791344ab6241cef429955f7d96ae7fb8) Importer(815301076,1909f56bfc062723c751e8b465ee728b)
Start importing Assets/GameOff/Armas/LowPoly3D/OBJ/Ladder_long.obj using Guid(791344ab6241cef429955f7d96ae7fb8) Importer(815301076,1909f56bfc062723c751e8b465ee728b)  -> (artifact id: 'a48be065827e30deec7a54f2b1fc10cf') in 0.084120 seconds
Number of updated asset objects reloaded before import = 0
Number of asset objects unloaded after import = 10
========================================================================
Received Import Request.
  Time since last request: 0.000016 seconds.
  path: Assets/GameOff/Armas/LowPoly3D/OBJ/MovingPlatform_Long.obj
  artifactKey: Guid(26f6c327e4cc8be4b984160f03d7bde8) Importer(815301076,1909f56bfc062723c751e8b465ee728b)
Start importing Assets/GameOff/Armas/LowPoly3D/OBJ/MovingPlatform_Long.obj using Guid(26f6c327e4cc8be4b984160f03d7bde8) Importer(815301076,1909f56bfc062723c751e8b465ee728b)  -> (artifact id: '5c5b50fe5847614b3d7a7733ef335810') in 0.071387 seconds
Number of updated asset objects reloaded before import = 0
Number of asset objects unloaded after import = 11
========================================================================
Received Import Request.
  Time since last request: 0.000018 seconds.
  path: Assets/GameOff/Armas/LowPoly3D/OBJ/Pipe.obj
  artifactKey: Guid(9e463e68fafa3e249a514cef9d786543) Importer(815301076,1909f56bfc062723c751e8b465ee728b)
Start importing Assets/GameOff/Armas/LowPoly3D/OBJ/Pipe.obj using Guid(9e463e68fafa3e249a514cef9d786543) Importer(815301076,1909f56bfc062723c751e8b465ee728b)  -> (artifact id: '0e27088c2e84ac4ff9be03697046a2ed') in 0.042432 seconds
Number of updated asset objects reloaded before import = 0
Number of asset objects unloaded after import = 10
========================================================================
Received Import Request.
  Time since last request: 0.000031 seconds.
  path: Assets/GameOff/Armas/LowPoly3D/OBJ/Cloud5.obj
  artifactKey: Guid(72ff68f2155b6114b93dc3a12d0f15f9) Importer(815301076,1909f56bfc062723c751e8b465ee728b)
Start importing Assets/GameOff/Armas/LowPoly3D/OBJ/Cloud5.obj using Guid(72ff68f2155b6114b93dc3a12d0f15f9) Importer(815301076,1909f56bfc062723c751e8b465ee728b)  -> (artifact id: 'a5410c62f9ba1bb2edb263e9ea6a6968') in 0.036469 seconds
Number of updated asset objects reloaded before import = 0
Number of asset objects unloaded after import = 10
========================================================================
Received Import Request.
  Time since last request: 0.000022 seconds.
  path: Assets/GameOff/Armas/LowPoly3D/OBJ/Ladder_short.obj
  artifactKey: Guid(219da283a8f9f2244b2b513c1fa23e6e) Importer(815301076,1909f56bfc062723c751e8b465ee728b)
Start importing Assets/GameOff/Armas/LowPoly3D/OBJ/Ladder_short.obj using Guid(219da283a8f9f2244b2b513c1fa23e6e) Importer(815301076,1909f56bfc062723c751e8b465ee728b)  -> (artifact id: '167a8fb87e31edee3aa29189ded7a18d') in 0.028261 seconds
Number of updated asset objects reloaded before import = 0
Number of asset objects unloaded after import = 10
========================================================================
Received Import Request.
  Time since last request: 0.000025 seconds.
  path: Assets/GameOff/Armas/LowPoly3D/OBJ/Cloud1.obj
  artifactKey: Guid(6bbc7d6695144b94da6e313c10881d89) Importer(815301076,1909f56bfc062723c751e8b465ee728b)
Start importing Assets/GameOff/Armas/LowPoly3D/OBJ/Cloud1.obj using Guid(6bbc7d6695144b94da6e313c10881d89) Importer(815301076,1909f56bfc062723c751e8b465ee728b)  -> (artifact id: '79616002d24d6e7d5254d9269c791797') in 0.019394 seconds
Number of updated asset objects reloaded before import = 0
Number of asset objects unloaded after import = 10
========================================================================
Received Import Request.
  Time since last request: 0.000019 seconds.
  path: Assets/GameOff/Armas/LowPoly3D/OBJ/Cloud3.obj
  artifactKey: Guid(eb2efa457fb1c5a4f935849513c7624d) Importer(815301076,1909f56bfc062723c751e8b465ee728b)
Start importing Assets/GameOff/Armas/LowPoly3D/OBJ/Cloud3.obj using Guid(eb2efa457fb1c5a4f935849513c7624d) Importer(815301076,1909f56bfc062723c751e8b465ee728b)  -> (artifact id: 'e44cae2b0c7214d4aa8afc8fe0443aa3') in 0.021325 seconds
Number of updated asset objects reloaded before import = 0
Number of asset objects unloaded after import = 10
========================================================================
Received Import Request.
  Time since last request: 6.995563 seconds.
  path: Assets/GameOff/Botoes/PNG/shiny/3.png
  artifactKey: Guid(79b510123c216df48925e0566b8c2a41) Importer(815301076,1909f56bfc062723c751e8b465ee728b)
Start importing Assets/GameOff/Botoes/PNG/shiny/3.png using Guid(79b510123c216df48925e0566b8c2a41) Importer(815301076,1909f56bfc062723c751e8b465ee728b)  -> (artifact id: '0449e2fa520613f3ffd50bc94b077563') in 0.020734 seconds
Number of updated asset objects reloaded before import = 0
Number of asset objects unloaded after import = 3
========================================================================
Received Import Request.
  Time since last request: 0.000018 seconds.
  path: Assets/GameOff/Botoes/PNG/shiny/6.png
  artifactKey: Guid(a78aebf33bcf6644092f47df8ea59cf4) Importer(815301076,1909f56bfc062723c751e8b465ee728b)
Start importing Assets/GameOff/Botoes/PNG/shiny/6.png using Guid(a78aebf33bcf6644092f47df8ea59cf4) Importer(815301076,1909f56bfc062723c751e8b465ee728b)  -> (artifact id: 'b2254eb483117f7a520cad136ec01462') in 0.021698 seconds
Number of updated asset objects reloaded before import = 0
Number of asset objects unloaded after import = 3
========================================================================
Received Import Request.
  Time since last request: 0.000022 seconds.
  path: Assets/GameOff/Botoes/PNG/shiny/15.png
  artifactKey: Guid(a787693cb354eaf4ba0276db1d4d2857) Importer(815301076,1909f56bfc062723c751e8b465ee728b)
Start importing Assets/GameOff/Botoes/PNG/shiny/15.png using Guid(a787693cb354eaf4ba0276db1d4d2857) Importer(815301076,1909f56bfc062723c751e8b465ee728b)  -> (artifact id: 'b60e57b16fef9d87e7a4e361aed81a6c') in 0.022772 seconds
Number of updated asset objects reloaded before import = 0
Number of asset objects unloaded after import = 3
========================================================================
Received Import Request.
  Time since last request: 0.000021 seconds.
  path: Assets/GameOff/Botoes/PNG/shiny/5.png
  artifactKey: Guid(321c558dbb614cf48951c2de3abbb06d) Importer(815301076,1909f56bfc062723c751e8b465ee728b)
Start importing Assets/GameOff/Botoes/PNG/shiny/5.png using Guid(321c558dbb614cf48951c2de3abbb06d) Importer(815301076,1909f56bfc062723c751e8b465ee728b)  -> (artifact id: '7e32da667e97be144fee6738d730a10f') in 0.021964 seconds
Number of updated asset objects reloaded before import = 0
Number of asset objects unloaded after import = 3
========================================================================
Received Import Request.
  Time since last request: 0.000028 seconds.
  path: Assets/GameOff/Botoes/PNG/shiny/20.png
  artifactKey: Guid(5a4d7605d0e72fe4d9477e3aebee28fc) Importer(815301076,1909f56bfc062723c751e8b465ee728b)
Start importing Assets/GameOff/Botoes/PNG/shiny/20.png using Guid(5a4d7605d0e72fe4d9477e3aebee28fc) Importer(815301076,1909f56bfc062723c751e8b465ee728b)  -> (artifact id: '7b3df551b5a69ed01b88938106e51e4c') in 0.022452 seconds
Number of updated asset objects reloaded before import = 0
Number of asset objects unloaded after import = 3
========================================================================
Received Import Request.
  Time since last request: 0.000019 seconds.
  path: Assets/GameOff/Botoes/PNG/shiny/19.png
  artifactKey: Guid(9bd2930899f27ae41af82e09ad66e3ef) Importer(815301076,1909f56bfc062723c751e8b465ee728b)
Start importing Assets/GameOff/Botoes/PNG/shiny/19.png using Guid(9bd2930899f27ae41af82e09ad66e3ef) Importer(815301076,1909f56bfc062723c751e8b465ee728b)  -> (artifact id: 'bae8f1fa9aac150cd9f1efc33cc913a1') in 0.021802 seconds
Number of updated asset objects reloaded before import = 0
Number of asset objects unloaded after import = 3
========================================================================
Received Import Request.
  Time since last request: 0.000022 seconds.
  path: Assets/GameOff/Botoes/PNG/shiny/7.png
  artifactKey: Guid(702f987f50c3b1744876f8893af9681a) Importer(815301076,1909f56bfc062723c751e8b465ee728b)
Start importing Assets/GameOff/Botoes/PNG/shiny/7.png using Guid(702f987f50c3b1744876f8893af9681a) Importer(815301076,1909f56bfc062723c751e8b465ee728b)  -> (artifact id: 'eb7a49c96f4b1fa447556f2498f4fabc') in 0.020491 seconds
Number of updated asset objects reloaded before import = 0
Number of asset objects unloaded after import = 3
========================================================================
Received Import Request.
  Time since last request: 2.018222 seconds.
  path: Assets/GameOff/Botoes/PNG/simple/3.png
  artifactKey: Guid(77efe5c25baf6e04d99580d70ac625df) Importer(815301076,1909f56bfc062723c751e8b465ee728b)
Start importing Assets/GameOff/Botoes/PNG/simple/3.png using Guid(77efe5c25baf6e04d99580d70ac625df) Importer(815301076,1909f56bfc062723c751e8b465ee728b)  -> (artifact id: '46add422d1ff782d5bde4ed42631fb9a') in 0.041823 seconds
Number of updated asset objects reloaded before import = 0
Number of asset objects unloaded after import = 3
========================================================================
Received Import Request.
  Time since last request: 0.000020 seconds.
  path: Assets/GameOff/Botoes/PNG/simple/12.png
  artifactKey: Guid(47d337b708a76ea4bb0225bcb8017ebe) Importer(815301076,1909f56bfc062723c751e8b465ee728b)
Start importing Assets/GameOff/Botoes/PNG/simple/12.png using Guid(47d337b708a76ea4bb0225bcb8017ebe) Importer(815301076,1909f56bfc062723c751e8b465ee728b)  -> (artifact id: 'ecd516b120929c3b2a3d1a1d04a770a7') in 0.040457 seconds
Number of updated asset objects reloaded before import = 0
Number of asset objects unloaded after import = 3
========================================================================
Received Import Request.
  Time since last request: 0.000064 seconds.
  path: Assets/GameOff/Botoes/PNG/simple/13.png
  artifactKey: Guid(573a5ddc5f0839340a5e77df9b5e0447) Importer(815301076,1909f56bfc062723c751e8b465ee728b)
Start importing Assets/GameOff/Botoes/PNG/simple/13.png using Guid(573a5ddc5f0839340a5e77df9b5e0447) Importer(815301076,1909f56bfc062723c751e8b465ee728b)  -> (artifact id: '0d87f095f86a2a77452f1b1d20206c58') in 0.023973 seconds
Number of updated asset objects reloaded before import = 0
Number of asset objects unloaded after import = 3
========================================================================
Received Import Request.
  Time since last request: 0.000020 seconds.
  path: Assets/GameOff/Botoes/PNG/simple/9.png
  artifactKey: Guid(13c3fdef6b457304c9e6946945a40402) Importer(815301076,1909f56bfc062723c751e8b465ee728b)
Start importing Assets/GameOff/Botoes/PNG/simple/9.png using Guid(13c3fdef6b457304c9e6946945a40402) Importer(815301076,1909f56bfc062723c751e8b465ee728b)  -> (artifact id: '448804fea3ffd0ebc29fb462a1db42bc') in 0.028689 seconds
Number of updated asset objects reloaded before import = 0
Number of asset objects unloaded after import = 3
========================================================================
Received Import Request.
  Time since last request: 0.000018 seconds.
  path: Assets/GameOff/Botoes/PNG/simple/15.png
  artifactKey: Guid(fbd8d432ecb5ac04bb44d6dc8fa27c7e) Importer(815301076,1909f56bfc062723c751e8b465ee728b)
Start importing Assets/GameOff/Botoes/PNG/simple/15.png using Guid(fbd8d432ecb5ac04bb44d6dc8fa27c7e) Importer(815301076,1909f56bfc062723c751e8b465ee728b)  -> (artifact id: 'd49ffddf42d49be49ebe7b406547da68') in 0.031767 seconds
Number of updated asset objects reloaded before import = 0
Number of asset objects unloaded after import = 3
========================================================================
Received Import Request.
  Time since last request: 0.000021 seconds.
  path: Assets/GameOff/Botoes/PNG/simple/17.png
  artifactKey: Guid(4d37426755bdcfb43997765c0a4479d1) Importer(815301076,1909f56bfc062723c751e8b465ee728b)
Start importing Assets/GameOff/Botoes/PNG/simple/17.png using Guid(4d37426755bdcfb43997765c0a4479d1) Importer(815301076,1909f56bfc062723c751e8b465ee728b)  -> (artifact id: '5a16183b1c923621b7aeb478fb650aed') in 0.032182 seconds
Number of updated asset objects reloaded before import = 0
Number of asset objects unloaded after import = 3
========================================================================
Received Import Request.
  Time since last request: 0.000025 seconds.
  path: Assets/GameOff/Botoes/PNG/simple/14.png
  artifactKey: Guid(8adb39000fc0ab5438eebc35f0f59505) Importer(815301076,1909f56bfc062723c751e8b465ee728b)
Start importing Assets/GameOff/Botoes/PNG/simple/14.png using Guid(8adb39000fc0ab5438eebc35f0f59505) Importer(815301076,1909f56bfc062723c751e8b465ee728b)  -> (artifact id: '57962661b683a947028c159b8f8c13a6') in 0.021563 seconds
Number of updated asset objects reloaded before import = 0
Number of asset objects unloaded after import = 3
========================================================================
Received Import Request.
  Time since last request: 21.665925 seconds.
  path: Assets/personagens/combat_ sprite_pack_green.png
  artifactKey: Guid(ac505d14ca9408245802c667aa4a8341) Importer(815301076,1909f56bfc062723c751e8b465ee728b)
Start importing Assets/personagens/combat_ sprite_pack_green.png using Guid(ac505d14ca9408245802c667aa4a8341) Importer(815301076,1909f56bfc062723c751e8b465ee728b)  -> (artifact id: 'abf79af54e26c993a395229108f0ed6e') in 0.183617 seconds
Number of updated asset objects reloaded before import = 0
Number of asset objects unloaded after import = 6
========================================================================
Received Import Request.
  Time since last request: 0.000017 seconds.
  path: Assets/personagens/combat_sprite_pack.png
  artifactKey: Guid(0d01f5ab1ec63014c897e15aa7e38521) Importer(815301076,1909f56bfc062723c751e8b465ee728b)
Start importing Assets/personagens/combat_sprite_pack.png using Guid(0d01f5ab1ec63014c897e15aa7e38521) Importer(815301076,1909f56bfc062723c751e8b465ee728b)  -> (artifact id: '1bf3c2169faae46fe7b8e313279f2c7f') in 0.030982 seconds
Number of updated asset objects reloaded before import = 0
Number of asset objects unloaded after import = 6
========================================================================
Received Import Request.
  Time since last request: 0.000018 seconds.
  path: Assets/personagens/combat_ sprite_pack_purple.png
  artifactKey: Guid(3762859a0b2f0ed4cbd642901a15bece) Importer(815301076,1909f56bfc062723c751e8b465ee728b)
Start importing Assets/personagens/combat_ sprite_pack_purple.png using Guid(3762859a0b2f0ed4cbd642901a15bece) Importer(815301076,1909f56bfc062723c751e8b465ee728b)  -> (artifact id: 'cccb3455d4e1e496c574ba06a0fa4ac3') in 0.028539 seconds
Number of updated asset objects reloaded before import = 0
Number of asset objects unloaded after import = 6
========================================================================
Received Import Request.
  Time since last request: 0.000026 seconds.
  path: Assets/personagens/combat_ sprite_pack_pink.png
  artifactKey: Guid(5f46fc054107acb488cddab750de52af) Importer(815301076,1909f56bfc062723c751e8b465ee728b)
Start importing Assets/personagens/combat_ sprite_pack_pink.png using Guid(5f46fc054107acb488cddab750de52af) Importer(815301076,1909f56bfc062723c751e8b465ee728b)  -> (artifact id: 'e0deff61fdc1c4241a1f14c290f9b664') in 0.028515 seconds
Number of updated asset objects reloaded before import = 0
Number of asset objects unloaded after import = 6
========================================================================
Received Import Request.
  Time since last request: 15.750387 seconds.
  path: Assets/Prefabs/game_background_1.png
  artifactKey: Guid(ff6116236f878764784b942ee3869690) Importer(815301076,1909f56bfc062723c751e8b465ee728b)
Start importing Assets/Prefabs/game_background_1.png using Guid(ff6116236f878764784b942ee3869690) Importer(815301076,1909f56bfc062723c751e8b465ee728b)  -> (artifact id: 'cffde8c878c0c5a9338874f2fd32c1e6') in 0.031705 seconds
Number of updated asset objects reloaded before import = 0
Number of asset objects unloaded after import = 3
========================================================================
Received Import Request.
  Time since last request: 0.000025 seconds.
  path: Assets/Prefabs/game_background_4.png
  artifactKey: Guid(f293494324406544ea4aafee6a9c3d6d) Importer(815301076,1909f56bfc062723c751e8b465ee728b)
Start importing Assets/Prefabs/game_background_4.png using Guid(f293494324406544ea4aafee6a9c3d6d) Importer(815301076,1909f56bfc062723c751e8b465ee728b)  -> (artifact id: '7505d93bc22abd65692ac773d6c7765b') in 0.024730 seconds
Number of updated asset objects reloaded before import = 0
Number of asset objects unloaded after import = 3
========================================================================
Received Import Request.
  Time since last request: 5.912663 seconds.
  path: Assets/Prefabs/Audio/Music.wav
  artifactKey: Guid(998475576f852124b8f10f4c89324824) Importer(815301076,1909f56bfc062723c751e8b465ee728b)
Start importing Assets/Prefabs/Audio/Music.wav using Guid(998475576f852124b8f10f4c89324824) Importer(815301076,1909f56bfc062723c751e8b465ee728b)  -> (artifact id: '4c2ce7becf540273c5463d68a6a83c7e') in 0.045595 seconds
Number of updated asset objects reloaded before import = 0
Number of asset objects unloaded after import = 2
========================================================================
Received Prepare
Begin MonoManager ReloadAssembly
Symbol file LoadedFromMemory is not a mono symbol file
- Loaded All Assemblies, in  0.508 seconds
Refreshing native plugins compatible for Editor in 10.38 ms, found 2 plugins.
Native extension for WindowsStandalone target not found
[Package Manager] Server::EnsureServerProcessIsRunning -- launch failed, reason: Unity was launched with the -noUpm command-line argument
[Package Manager] UpmClient::Send -- Unable to send message (not connected to UPM process).
[Package Manager] Cannot connect to Unity Package Manager local server
Mono: successfully reloaded assembly
- Finished resetting the current domain, in  0.706 seconds
Domain Reload Profiling: 1210ms
	BeginReloadAssembly (148ms)
		ExecutionOrderSort (0ms)
		DisableScriptedObjects (5ms)
		BackupInstance (0ms)
		ReleaseScriptingObjects (0ms)
		CreateAndSetChildDomain (30ms)
	RebuildCommonClasses (37ms)
	RebuildNativeTypeToScriptingClass (12ms)
	initialDomainReloadingComplete (30ms)
	LoadAllAssembliesAndSetupDomain (277ms)
		LoadAssemblies (296ms)
		RebuildTransferFunctionScriptingTraits (0ms)
		AnalyzeDomain (63ms)
			TypeCache.Refresh (42ms)
				TypeCache.ScanAssembly (33ms)
			ScanForSourceGeneratedMonoScriptInfo (16ms)
			ResolveRequiredComponents (4ms)
	FinalizeReload (706ms)
		ReleaseScriptCaches (0ms)
		RebuildScriptCaches (0ms)
		SetupLoadedEditorAssemblies (468ms)
			LogAssemblyErrors (0ms)
			InitializePlatformSupportModulesInManaged (6ms)
			SetLoadedEditorAssemblies (4ms)
			RefreshPlugins (0ms)
			BeforeProcessingInitializeOnLoad (66ms)
			ProcessInitializeOnLoadAttributes (238ms)
			ProcessInitializeOnLoadMethodAttributes (146ms)
			AfterProcessingInitializeOnLoad (8ms)
			EditorAssembliesLoaded (0ms)
		ExecutionOrderSort2 (0ms)
		AwakeInstancesAfterBackupRestoration (6ms)
Refreshing native plugins compatible for Editor in 8.74 ms, found 2 plugins.
Preloading 0 native plugins for Editor in 0.00 ms.
Unloading 2532 Unused Serialized files (Serialized files now loaded: 0)
Unloading 98 unused Assets / (61.5 KB). Loaded Objects now: 3071.
Memory consumption went from 116.3 MB to 116.2 MB.
Total: 5.883500 ms (FindLiveObjects: 0.241000 ms CreateObjectMapping: 0.072500 ms MarkObjects: 5.445800 ms  DeleteObjects: 0.122900 ms)

Prepare: number of updated asset objects reloaded= 21
AssetImportParameters requested are different than current active one (requested -> active):
  custom:video-decoder-webm-vp8: 9c59270c3fd7afecdb556c50c9e8de78 -> 
  custom:SearchIndexIgnoredProperties: e643bd26f0fe6173181afceb89e7c659 -> 
  custom:container-demuxer-ogg: 62fdf1f143b41e24485cea50d1cbac27 -> 
  custom:AudioImporter_EditorPlatform: d09bf68614088b80899f8185d706f6e7 -> 
  custom:video-decoder-ogg-theora: a1e56fd34408186e4bbccfd4996cb3dc -> 
  custom:framework-win-MediaFoundation: 216162199b28c13a410421893ffa2e32 -> 
  custom:video-encoder-webm-vp8: eb34c28f22e8b96e1ab97ce403110664 -> 
  custom:audio-decoder-ogg-vorbis: bf7c407c2cedff20999df2af8eb42d56 -> 
  custom:CustomObjectIndexerAttribute: 756ad292c208cfabdd7b50bc23989ffe -> 
  custom:container-demuxer-webm: 4f35f7cbe854078d1ac9338744f61a02 -> 
  custom:audio-encoder-webm-vorbis: bf7c407c2cedff20999df2af8eb42d56 -> 
  custom:container-muxer-webm: aa71ff27fc2769a1b78a27578f13a17b -> 
Editor requested this worker to shutdown with reason: Scaling down because of idle timeout
TcpMessagingSession - receive error
AssetImportWorkerClient::OnTransportError - code=2 error=End of file
AssetImportWorker is now disconnected from the server
Process exiting
Exiting without the bug reporter. Application will terminate with return code 0